sending incremental file list
created directory /gpfswork/rech/yrf/uba22to/4DVARNN-DinAE_3993
./
.gitignore
README.md
license.md
.git/
.git/FETCH_HEAD
.git/HEAD
.git/ORIG_HEAD
.git/config
.git/description
.git/index
.git/packed-refs
.git/branches/
.git/hooks/
.git/hooks/applypatch-msg.sample
.git/hooks/commit-msg.sample
.git/hooks/fsmonitor-watchman.sample
.git/hooks/post-update.sample
.git/hooks/pre-applypatch.sample
.git/hooks/pre-commit.sample
.git/hooks/pre-push.sample
.git/hooks/pre-rebase.sample
.git/hooks/pre-receive.sample
.git/hooks/prepare-commit-msg.sample
.git/hooks/update.sample
.git/info/
.git/info/exclude
.git/logs/
.git/logs/HEAD
.git/logs/refs/
.git/logs/refs/heads/
.git/logs/refs/heads/master
.git/logs/refs/remotes/
.git/logs/refs/remotes/origin/
.git/logs/refs/remotes/origin/HEAD
.git/logs/refs/remotes/origin/master
.git/objects/
.git/objects/00/
.git/objects/00/949e6e7b110280d1f8fe6a6e355b35cbbabc05
.git/objects/09/
.git/objects/09/e68fd92ee5fd0bde19945e092e8fc05d7c7e90
.git/objects/0e/
.git/objects/0e/537b953c648627e021b2412b9be9126a6e06c2
.git/objects/18/
.git/objects/18/3346bea082a9a9fc7b53f0f7f3f9948ec20f60
.git/objects/4b/
.git/objects/4b/d24ab78e9a214c4c872e26bee874ffd715c4a9
.git/objects/4f/
.git/objects/4f/09baff7436013a5b4cb2c4caab60ef9df08f32
.git/objects/53/
.git/objects/53/89b7fded59a554fbd8dad93b0d441e60607148
.git/objects/58/
.git/objects/58/42e935f68bfb00cc7741d219594e6960f54e7b
.git/objects/64/
.git/objects/64/8765571d819070b52a489a0c9368c1f15a7661
.git/objects/67/
.git/objects/67/6bd5fe0c3a33e94ccea9df43b9e25f21b52b23
.git/objects/7f/
.git/objects/7f/9d9dcf460c2d184306ad4c27b667bcdaf271d6
.git/objects/86/
.git/objects/86/5e5ef74c9ac7b84588b1062bd7c78a322bcf19
.git/objects/8c/
.git/objects/8c/6b9957b55e3bbfe9818837328837f89fd0eed0
.git/objects/93/
.git/objects/93/42de02942734f2f71b59a6f2fc1b8aedac62b8
.git/objects/a6/
.git/objects/a6/6746a660bc2a83dac5d3ad364f55310b47fcb0
.git/objects/b7/
.git/objects/b7/d6e87613bbb369dd6479d0944178a94e394edd
.git/objects/ce/
.git/objects/ce/febcd33219e52fc24b1923f414b979b9404d0d
.git/objects/d0/
.git/objects/d0/09f1df72ed3b2624c8448f6bb031e045954345
.git/objects/d5/
.git/objects/d5/bfaa7b37fee8ba7c271f4d91d75ef28cc6a2bc
.git/objects/d7/
.git/objects/d7/5b0f2b59c70cc81153a985853e6b052827909f
.git/objects/ea/
.git/objects/ea/ac256089256bad086bee1c63b41eb821a50852
.git/objects/ed/
.git/objects/ed/c2745809d612cb168d585f5b6992b1866793a7
.git/objects/f9/
.git/objects/f9/efc3311be4616fcc22dd1033ab765c613b69bd
.git/objects/info/
.git/objects/pack/
.git/objects/pack/pack-66b44ef09398ea6ffc50f44ae3cd2d5f840b0ce1.idx
.git/objects/pack/pack-66b44ef09398ea6ffc50f44ae3cd2d5f840b0ce1.pack
.git/refs/
.git/refs/heads/
.git/refs/heads/master
.git/refs/remotes/
.git/refs/remotes/origin/
.git/refs/remotes/origin/HEAD
.git/refs/remotes/origin/master
.git/refs/tags/
dinae_4dvarnn/
dinae_4dvarnn/__init__.py
dinae_4dvarnn/__pycache__/
dinae_4dvarnn/__pycache__/__init__.cpython-37.pyc
dinae_4dvarnn/mods/
dinae_4dvarnn/mods/define_Classifiers.py
dinae_4dvarnn/mods/define_Models.py
dinae_4dvarnn/mods/import_Datasets_OSE.py
dinae_4dvarnn/mods/import_Datasets_OSSE.py
dinae_4dvarnn/mods/learning_OSE.py
dinae_4dvarnn/mods/learning_OSSE.py
dinae_4dvarnn/mods/__pycache__/
dinae_4dvarnn/mods/__pycache__/define_Classifiers.cpython-37.pyc
dinae_4dvarnn/mods/__pycache__/define_Models.cpython-37.pyc
dinae_4dvarnn/mods/__pycache__/import_Datasets_OSE.cpython-37.pyc
dinae_4dvarnn/mods/__pycache__/import_Datasets_OSSE.cpython-37.pyc
dinae_4dvarnn/mods/__pycache__/learning_OSE.cpython-37.pyc
dinae_4dvarnn/mods/__pycache__/learning_OSSE.cpython-37.pyc
dinae_4dvarnn/mods/old/
dinae_4dvarnn/mods/old/import_Datasets_OSE.py.bak
dinae_4dvarnn/mods/old/import_Datasets_OSSE.py.bak
dinae_4dvarnn/mods/old/learning_OSE.py.bak
dinae_4dvarnn/mods/utils/
dinae_4dvarnn/mods/utils/eval_Performance.py
dinae_4dvarnn/mods/utils/graphics.py
dinae_4dvarnn/mods/utils/plot_Figs.py
dinae_4dvarnn/mods/utils/save_Models.py
dinae_4dvarnn/mods/utils/save_Pickle.py
dinae_4dvarnn/mods/utils/tools.py
dinae_4dvarnn/mods/utils/yml_tools.py
dinae_4dvarnn/mods/utils/__pycache__/
dinae_4dvarnn/mods/utils/__pycache__/eval_Performance.cpython-37.pyc
dinae_4dvarnn/mods/utils/__pycache__/graphics.cpython-37.pyc
dinae_4dvarnn/mods/utils/__pycache__/plot_Figs.cpython-37.pyc
dinae_4dvarnn/mods/utils/__pycache__/save_Models.cpython-37.pyc
dinae_4dvarnn/mods/utils/__pycache__/save_Pickle.cpython-37.pyc
dinae_4dvarnn/mods/utils/__pycache__/tools.cpython-37.pyc
dinae_4dvarnn/mods/utils/__pycache__/yml_tools.cpython-37.pyc
dinae_4dvarnn/mods/utils/utils_loss/
dinae_4dvarnn/mods/utils/utils_loss/MultiSat_Loss.py
dinae_4dvarnn/mods/utils/utils_loss/__pycache__/
dinae_4dvarnn/mods/utils/utils_loss/__pycache__/MultiSat_Loss.cpython-37.pyc
dinae_4dvarnn/mods/utils/utils_nn/
dinae_4dvarnn/mods/utils/utils_nn/BsCNN.py
dinae_4dvarnn/mods/utils/utils_nn/ConstrainedConv1d.py
dinae_4dvarnn/mods/utils/utils_nn/ConstrainedConv2d.py
dinae_4dvarnn/mods/utils/utils_nn/ConvAE.py
dinae_4dvarnn/mods/utils/utils_nn/GENN.py
dinae_4dvarnn/mods/utils/utils_nn/GENN2S.py
dinae_4dvarnn/mods/utils/utils_nn/PINN.py
dinae_4dvarnn/mods/utils/utils_nn/ResNetConv2d.py
dinae_4dvarnn/mods/utils/utils_nn/__pycache__/
dinae_4dvarnn/mods/utils/utils_nn/__pycache__/BsCNN.cpython-37.pyc
dinae_4dvarnn/mods/utils/utils_nn/__pycache__/ConstrainedConv1d.cpython-37.pyc
dinae_4dvarnn/mods/utils/utils_nn/__pycache__/ConstrainedConv2d.cpython-37.pyc
dinae_4dvarnn/mods/utils/utils_nn/__pycache__/ConvAE.cpython-37.pyc
dinae_4dvarnn/mods/utils/utils_nn/__pycache__/GENN.cpython-37.pyc
dinae_4dvarnn/mods/utils/utils_nn/__pycache__/GENN2S.cpython-37.pyc
dinae_4dvarnn/mods/utils/utils_nn/__pycache__/PIConv2d.cpython-37.pyc
dinae_4dvarnn/mods/utils/utils_nn/__pycache__/PINN.cpython-37.pyc
dinae_4dvarnn/mods/utils/utils_nn/__pycache__/ResNetConv2d.cpython-37.pyc
dinae_4dvarnn/mods/utils/utils_solver/
dinae_4dvarnn/mods/utils/utils_solver/Compute_Grad.py
dinae_4dvarnn/mods/utils/utils_solver/ConvLSTM1d.py
dinae_4dvarnn/mods/utils/utils_solver/ConvLSTM2d.py
dinae_4dvarnn/mods/utils/utils_solver/Model_4DVarNN_FP.py
dinae_4dvarnn/mods/utils/utils_solver/Model_4DVarNN_Grad.py
dinae_4dvarnn/mods/utils/utils_solver/Model_4DVarNN_GradFP.py
dinae_4dvarnn/mods/utils/utils_solver/Model_4DVarNN_GradFP.py.old
dinae_4dvarnn/mods/utils/utils_solver/Model_4DVarNN_Res_GradFP.py
dinae_4dvarnn/mods/utils/utils_solver/median_pool.py
dinae_4dvarnn/mods/utils/utils_solver/model_GradUpdate0.py
dinae_4dvarnn/mods/utils/utils_solver/model_GradUpdate1.py
dinae_4dvarnn/mods/utils/utils_solver/model_GradUpdate2.py
dinae_4dvarnn/mods/utils/utils_solver/model_GradUpdate3.py
dinae_4dvarnn/mods/utils/utils_solver/__pycache__/
dinae_4dvarnn/mods/utils/utils_solver/__pycache__/ComputeGrad.cpython-37.pyc
dinae_4dvarnn/mods/utils/utils_solver/__pycache__/Compute_Grad.cpython-37.pyc
dinae_4dvarnn/mods/utils/utils_solver/__pycache__/ConvLSTM1d.cpython-37.pyc
dinae_4dvarnn/mods/utils/utils_solver/__pycache__/ConvLSTM2d.cpython-37.pyc
dinae_4dvarnn/mods/utils/utils_solver/__pycache__/Model_4DVarNN_FP.cpython-37.pyc
dinae_4dvarnn/mods/utils/utils_solver/__pycache__/Model_4DVarNN_Grad.cpython-37.pyc
dinae_4dvarnn/mods/utils/utils_solver/__pycache__/Model_4DVarNN_GradFP.cpython-37.pyc
dinae_4dvarnn/mods/utils/utils_solver/__pycache__/Model_4DVarNN_GradFP_OSE.cpython-37.pyc
dinae_4dvarnn/mods/utils/utils_solver/__pycache__/Model_4DVarNN_Res_GradFP.cpython-37.pyc
dinae_4dvarnn/mods/utils/utils_solver/__pycache__/median_pool.cpython-37.pyc
dinae_4dvarnn/mods/utils/utils_solver/__pycache__/model_GradUpdate0.cpython-37.pyc
dinae_4dvarnn/mods/utils/utils_solver/__pycache__/model_GradUpdate1.cpython-37.pyc
dinae_4dvarnn/mods/utils/utils_solver/__pycache__/model_GradUpdate2.cpython-37.pyc
dinae_4dvarnn/mods/utils/utils_solver/__pycache__/model_GradUpdate3.cpython-37.pyc
scripts/
scripts/clean.sh
scripts/OSE/
scripts/OSE/clean.sh
scripts/OSE/config_srv5.yml
scripts/OSE/config_zay.yml
scripts/OSE/gpu_mono1371199.err
scripts/OSE/gpu_mono1371199.out
scripts/OSE/launch_OSE_srv5.py
scripts/OSE/launch_OSE_zay.py
scripts/OSE/mono_gpu_OSE.slurm
scripts/OSE/topscript.sh
scripts/OSSE/
scripts/OSSE/clean.sh
scripts/OSSE/config_srv5.yml
scripts/OSSE/config_zay.yml
scripts/OSSE/gpu_mono1224787.err
scripts/OSSE/gpu_mono1224787.out
scripts/OSSE/launch_OSSE_srv5.py
scripts/OSSE/launch_OSSE_zay.py
scripts/OSSE/mono_gpu_OSSE.slurm
scripts/OSSE/topscript.sh

sent 5,413,583 bytes  received 3,201 bytes  2,166,713.60 bytes/sec
total size is 5,730,531  speedup is 1.06
Initializing 4DVARNN-DinAE libraries...
cuda
...Done
Batch size=4 on 1 GPUs
.... Load SSH dataset (training data): /gpfswork/rech/yrf/uba22to/DATA/OSE/GULFSTREAM/training/dataset_nadir_0d.nc
